0 info it worked if it ends with ok
1 verbose cli [ 'D:\\node\\node.exe',
1 verbose cli   'D:\\node\\node_modules\\npm\\bin\\npm-cli.js',
1 verbose cli   'run',
1 verbose cli   'babel' ]
2 info using npm@3.10.9
3 info using node@v6.9.2
4 verbose stack Error: Failed to parse json
4 verbose stack Unexpected token '<' at 12:1
4 verbose stack <<<<<<< HEAD
4 verbose stack ^
4 verbose stack     at parseError (D:\node\node_modules\npm\node_modules\read-package-json\read-json.js:390:11)
4 verbose stack     at parseJson (D:\node\node_modules\npm\node_modules\read-package-json\read-json.js:79:23)
4 verbose stack     at D:\node\node_modules\npm\node_modules\read-package-json\read-json.js:48:5
4 verbose stack     at D:\node\node_modules\npm\node_modules\graceful-fs\graceful-fs.js:78:16
4 verbose stack     at tryToString (fs.js:455:3)
4 verbose stack     at FSReqWrap.readFileAfterClose [as oncomplete] (fs.js:442:12)
5 verbose cwd D:\repository\homework\app
6 error Windows_NT 6.1.7601
7 error argv "D:\\node\\node.exe" "D:\\node\\node_modules\\npm\\bin\\npm-cli.js" "run" "babel"
8 error node v6.9.2
9 error npm  v3.10.9
10 error file D:\repository\homework\app\package.json
11 error code EJSONPARSE
12 error Failed to parse json
12 error Unexpected token '<' at 12:1
12 error <<<<<<< HEAD
12 error ^
13 error File: D:\repository\homework\app\package.json
14 error Failed to parse package.json data.
14 error package.json must be actual JSON, not just JavaScript.
14 error
14 error This is not a bug in npm.
14 error Tell the package author to fix their package.json file. JSON.parse
15 verbose exit [ 1, true ]
